<?xml version="1.0" encoding="UTF-8"?>
<!-- Generated by org.testng.reporters.JUnitReportReporter -->
<testsuite skipped="0" hostname="win7-PC" name="practise.DemoA" tests="5" failures="0" timestamp="08 Jan 2019 09:04:17 GMT" time="0.032" errors="0">
  <testcase name="testB" time="0.019" classname="practise.DemoA"/>
  <testcase name="testB" time="0.003" classname="practise.DemoA"/>
  <testcase name="testC" time="0.004" classname="practise.DemoA"/>
  <testcase name="testB" time="0.003" classname="practise.DemoA"/>
  <testcase name="testA" time="0.003" classname="practise.DemoA"/>
</testsuite> <!-- practise.DemoA -->
