<?xml version="1.0" encoding="UTF-8"?>
<!-- Generated by org.testng.reporters.JUnitReportReporter -->
<testsuite skipped="0" hostname="win7-PC" name="script.ValidLogin" tests="1" failures="0" timestamp="13 Feb 2019 18:34:58 GMT" time="46.984" errors="0">
  <testcase name="testValidLogin" time="46.984" classname="script.ValidLogin"/>
</testsuite> <!-- script.ValidLogin -->
