<?xml version="1.0" encoding="UTF-8"?>
<!-- Generated by org.testng.reporters.JUnitReportReporter -->
<testsuite skipped="0" hostname="win7-PC" name="script.TestUtill" tests="1" failures="0" timestamp="09 Jan 2019 10:13:58 GMT" time="7.588" errors="0">
  <testcase name="testA" time="7.588" classname="script.TestUtill"/>
</testsuite> <!-- script.TestUtill -->
