<?xml version="1.0" encoding="UTF-8"?>
<!-- Generated by org.testng.reporters.JUnitReportReporter -->
<testsuite skipped="0" hostname="win7-PC" name="script.CheckIssueDate" tests="1" failures="0" timestamp="13 Feb 2019 18:34:58 GMT" time="15.414" errors="0">
  <testcase name="testVerifyIssueDate" time="15.414" classname="script.CheckIssueDate"/>
</testsuite> <!-- script.CheckIssueDate -->
